<?xml version="1.0" encoding="UTF-8"?>
<!-- Generated by org.testng.reporters.JUnitReportReporter -->
<testsuite hostname="DESKTOP-RTACN6A" failures="0" tests="2" name="com.bank.qa.testcases.loginpagetest" time="12.938" errors="0" timestamp="2019-11-14T09:46:49 IST" skipped="0">
  <testcase classname="com.bank.qa.testcases.loginpagetest" name="Guru99logotest" time="3.767"/>
  <testcase classname="com.bank.qa.testcases.loginpagetest" name="Logintest" time="9.171"/>
</testsuite> <!-- com.bank.qa.testcases.loginpagetest -->
