<?xml version="1.0" encoding="UTF-8"?>
<!-- Generated by org.testng.reporters.JUnitReportReporter -->
<testsuite hostname="DESKTOP-RTACN6A" failures="0" tests="2" name="com.bank.qa.testcases.loginpagetest" time="5.369" errors="0" timestamp="07 Sep 2019 09:19:43 GMT" skipped="0">
  <testcase classname="com.bank.qa.testcases.loginpagetest" name="Logintest" time="4.105"/>
  <testcase classname="com.bank.qa.testcases.loginpagetest" name="Guru99logotest" time="1.264"/>
</testsuite> <!-- com.bank.qa.testcases.loginpagetest -->
